c:\users\admin\onedrive\tmd\tmd\tmd\x64\debug\vc142.pdb
c:\users\admin\onedrive\tmd\tmd\tmd\x64\debug\vc142.idb
c:\users\admin\onedrive\tmd\tmd\tmd\x64\debug\utilfactory.obj
c:\users\admin\onedrive\tmd\tmd\tmd\x64\debug\utilbase.obj
c:\users\admin\onedrive\tmd\tmd\tmd\x64\debug\ue4.obj
c:\users\admin\onedrive\tmd\tmd\tmd\x64\debug\tool.obj
c:\users\admin\onedrive\tmd\tmd\tmd\x64\debug\tmd.obj
c:\users\admin\onedrive\tmd\tmd\tmd\x64\debug\output.obj
c:\users\admin\onedrive\tmd\tmd\tmd\x64\debug\jsoncpp.obj
c:\users\admin\onedrive\tmd\tmd\tmd\x64\debug\input.obj
c:\users\admin\onedrive\tmd\tmd\tmd\x64\debug\config.obj
c:\users\admin\onedrive\tmd\tmd\x64\debug\tmd.exe
c:\users\admin\onedrive\tmd\tmd\tmd\x64\debug\tmd.ilk
c:\users\admin\onedrive\tmd\tmd\x64\debug\tmd.pdb
c:\users\admin\onedrive\tmd\tmd\tmd\x64\debug\tmd.tlog\cl.command.1.tlog
c:\users\admin\onedrive\tmd\tmd\tmd\x64\debug\tmd.tlog\cl.read.1.tlog
c:\users\admin\onedrive\tmd\tmd\tmd\x64\debug\tmd.tlog\cl.write.1.tlog
c:\users\admin\onedrive\tmd\tmd\tmd\x64\debug\tmd.tlog\link.command.1.tlog
c:\users\admin\onedrive\tmd\tmd\tmd\x64\debug\tmd.tlog\link.read.1.tlog
c:\users\admin\onedrive\tmd\tmd\tmd\x64\debug\tmd.tlog\link.write.1.tlog
